<?xml version="1.0" encoding="UTF-8"?>
<!-- Generated by org.testng.reporters.JUnitReportReporter -->
<testsuite skipped="0" hostname="Mayur" name="Day3TestNG.GroupParameter" tests="6" failures="0" timestamp="2022-10-22T14:04:36 IST" time="0.014" errors="0">
  <testcase name="smokeTestCase1" time="0.003" classname="Day3TestNG.GroupParameter"/>
  <system-out/>
  <testcase name="regressionTestCase2" time="0.000" classname="Day3TestNG.GroupParameter"/>
  <system-out/>
  <testcase name="sanityTestCase2" time="0.000" classname="Day3TestNG.GroupParameter"/>
  <system-out/>
  <testcase name="sanityTestCase1" time="0.002" classname="Day3TestNG.GroupParameter"/>
  <system-out/>
  <testcase name="regressionTestCase1" time="0.006" classname="Day3TestNG.GroupParameter"/>
  <system-out/>
  <testcase name="smokeTestCase2" time="0.003" classname="Day3TestNG.GroupParameter"/>
  <system-out/>
</testsuite> <!-- Day3TestNG.GroupParameter -->
