<?xml version="1.0" encoding="UTF-8"?>
<!-- Generated by org.testng.reporters.JUnitReportReporter -->
<testsuite skipped="0" hostname="Mayur" name="TESTNG.FirstTestNG" tests="3" failures="0" timestamp="2022-10-14T20:27:34 IST" time="0.018" errors="0">
  <testcase name="testCase3" time="0.002" classname="TESTNG.FirstTestNG"/>
  <system-out/>
  <testcase name="testCase1" time="0.016" classname="TESTNG.FirstTestNG"/>
  <system-out/>
  <testcase name="testCase2" time="0.000" classname="TESTNG.FirstTestNG"/>
  <system-out/>
</testsuite> <!-- TESTNG.FirstTestNG -->
