<?xml version="1.0" encoding="UTF-8"?>
<!-- Generated by org.testng.reporters.JUnitReportReporter -->
<testsuite skipped="0" hostname="Mayur" name="TESTNGPratice.OrangeHRMLogin" tests="1" failures="0" timestamp="2022-10-21T20:39:06 IST" time="22.029" errors="0">
  <testcase name="login" time="22.029" classname="TESTNGPratice.OrangeHRMLogin"/>
  <system-out/>
</testsuite> <!-- TESTNGPratice.OrangeHRMLogin -->
