<?xml version="1.0" encoding="UTF-8"?>
<!-- Generated by org.testng.reporters.JUnitReportReporter -->
<testsuite skipped="0" hostname="Mayur" name="Day3TestNG.IncludeExcludePractice1" tests="5" failures="0" timestamp="2022-10-22T14:04:36 IST" time="0.006" errors="0">
  <testcase name="testCase5_1" time="0.000" classname="Day3TestNG.IncludeExcludePractice1"/>
  <system-out/>
  <testcase name="testCase3_1" time="0.000" classname="Day3TestNG.IncludeExcludePractice1"/>
  <system-out/>
  <testcase name="testCase1_1" time="0.000" classname="Day3TestNG.IncludeExcludePractice1"/>
  <system-out/>
  <testcase name="testCase2_1" time="0.001" classname="Day3TestNG.IncludeExcludePractice1"/>
  <system-out/>
  <testcase name="testCase4_1" time="0.005" classname="Day3TestNG.IncludeExcludePractice1"/>
  <system-out/>
</testsuite> <!-- Day3TestNG.IncludeExcludePractice1 -->
