<?xml version="1.0" encoding="UTF-8"?>
<!-- Generated by org.testng.reporters.JUnitReportReporter -->
<testsuite skipped="0" hostname="Mayur" name="TESTNGPratice.SwagLabLogin" tests="1" failures="0" timestamp="2022-10-21T20:29:17 IST" time="4.731" errors="0">
  <testcase name="Login" time="4.731" classname="TESTNGPratice.SwagLabLogin"/>
  <system-out/>
</testsuite> <!-- TESTNGPratice.SwagLabLogin -->
