<?xml version="1.0" encoding="UTF-8"?>
<!-- Generated by org.testng.reporters.JUnitReportReporter -->
<testsuite skipped="0" hostname="Mayur" name="headLessBrowsers.ChromeBrowser" tests="1" failures="0" timestamp="2022-11-07T19:23:48 IST" time="23.191" errors="0">
  <testcase name="testCase1" time="23.191" classname="headLessBrowsers.ChromeBrowser"/>
  <system-out/>
</testsuite> <!-- headLessBrowsers.ChromeBrowser -->
