<?xml version="1.0" encoding="UTF-8"?>
<!-- Generated by org.testng.reporters.JUnitReportReporter -->
<testsuite skipped="0" hostname="Mayur" name="headLessBrowsers.HtmlDriverClass" tests="1" failures="0" timestamp="2022-11-04T11:09:18 IST" time="7.810" errors="0">
  <testcase name="testCase1" time="7.810" classname="headLessBrowsers.HtmlDriverClass"/>
  <system-out/>
</testsuite> <!-- headLessBrowsers.HtmlDriverClass -->
